
[1m[30m[46m RUN [49m[39m[22m [36mv4.1.7 [39m[90m/app/applet[39m
      [2mCoverage enabled with [22m[33mv8[39m

 [32m✓[39m src/components/Login.test.tsx [2m([22m[2m4 tests[22m[2m)[22m[33m 547[2mms[22m[39m
 [32m✓[39m src/components/Settings.test.tsx [2m([22m[2m2 tests[22m[2m)[22m[32m 210[2mms[22m[39m
 [32m✓[39m src/components/Discover.test.tsx [2m([22m[2m2 tests[22m[2m)[22m[32m 148[2mms[22m[39m

[2m Test Files [22m [1m[32m3 passed[39m[22m[90m (3)[39m
[2m      Tests [22m [1m[32m8 passed[39m[22m[90m (8)[39m
[2m   Start at [22m 07:19:46
[2m   Duration [22m 9.80s[2m (transform 425ms, setup 461ms, import 1.45s, tests 905ms, environment 5.37s)[22m

[34m % [39m[2mCoverage report from [22m[33mv8[39m
--------------|---------|----------|---------|---------|------------------------
File          | % Stmts | % Branch | % Funcs | % Lines | Uncovered Line #s      
--------------|---------|----------|---------|---------|------------------------
All files     |   55.85 |    55.15 |   36.84 |   57.84 |                        
 Discover.tsx |    67.6 |    44.59 |   57.14 |   71.87 | ...113,181-216,282,296 
 Login.tsx    |   56.94 |    70.21 |      24 |   58.46 | ...57-68,84-96,156-379 
 Settings.tsx |    44.3 |    56.81 |   38.88 |   45.33 | ...208,253,273-314,341 
--------------|---------|----------|---------|---------|------------------------
